{"C:\\Users\\Elgine\\Desktop\\react-transform-tool\\src\\const.ts": {"path":"C:\\Users\\Elgine\\Desktop\\react-transform-tool\\src\\const.ts","statementMap":{"0":{"start":{"line":1,"column":13},"end":{"line":1,"column":28}},"1":{"start":{"line":2,"column":13},"end":{"line":2,"column":43}}},"fnMap":{},"branchMap":{},"s":{"0":1,"1":1},"f":{},"b":{}}
,"C:\\Users\\Elgine\\Desktop\\react-transform-tool\\src\\maths\\distance.ts": {"path":"C:\\Users\\Elgine\\Desktop\\react-transform-tool\\src\\maths\\distance.ts","statementMap":{"0":{"start":{"line":2,"column":0},"end":{"line":4,"column":2}},"1":{"start":{"line":3,"column":4},"end":{"line":3,"column":74}},"2":{"start":{"line":6,"column":13},"end":{"line":8,"column":2}},"3":{"start":{"line":7,"column":4},"end":{"line":7,"column":54}}},"fnMap":{"0":{"name":"(anonymous_0)","decl":{"start":{"line":2,"column":15},"end":{"line":2,"column":16}},"loc":{"start":{"line":2,"column":68},"end":{"line":4,"column":1}}},"1":{"name":"(anonymous_1)","decl":{"start":{"line":6,"column":28},"end":{"line":6,"column":29}},"loc":{"start":{"line":6,"column":49},"end":{"line":8,"column":1}}}},"branchMap":{},"s":{"0":1,"1":1,"2":1,"3":1},"f":{"0":1,"1":1},"b":{}}
,"C:\\Users\\Elgine\\Desktop\\react-transform-tool\\src\\maths\\matrix.ts": {"path":"C:\\Users\\Elgine\\Desktop\\react-transform-tool\\src\\maths\\matrix.ts","statementMap":{"0":{"start":{"line":6,"column":0},"end":{"line":6,"column":31}},"1":{"start":{"line":8,"column":22},"end":{"line":10,"column":1}},"2":{"start":{"line":9,"column":4},"end":{"line":9,"column":36}},"3":{"start":{"line":19,"column":0},"end":{"line":19,"column":49}},"4":{"start":{"line":19,"column":36},"end":{"line":19,"column":41}},"5":{"start":{"line":38,"column":11},"end":{"line":46,"column":null}},"6":{"start":{"line":39,"column":8},"end":{"line":39,"column":25}},"7":{"start":{"line":39,"column":25},"end":{"line":39,"column":42}},"8":{"start":{"line":39,"column":42},"end":{"line":39,"column":null}},"9":{"start":{"line":40,"column":8},"end":{"line":40,"column":25}},"10":{"start":{"line":40,"column":25},"end":{"line":40,"column":42}},"11":{"start":{"line":40,"column":42},"end":{"line":40,"column":null}},"12":{"start":{"line":41,"column":8},"end":{"line":41,"column":25}},"13":{"start":{"line":41,"column":25},"end":{"line":41,"column":42}},"14":{"start":{"line":41,"column":42},"end":{"line":41,"column":null}},"15":{"start":{"line":43,"column":16},"end":{"line":43,"column":36}},"16":{"start":{"line":44,"column":8},"end":{"line":44,"column":65}},"17":{"start":{"line":45,"column":8},"end":{"line":45,"column":17}},"18":{"start":{"line":48,"column":11},"end":{"line":63,"column":null}},"19":{"start":{"line":49,"column":8},"end":{"line":49,"column":25}},"20":{"start":{"line":49,"column":25},"end":{"line":49,"column":42}},"21":{"start":{"line":49,"column":42},"end":{"line":49,"column":null}},"22":{"start":{"line":50,"column":8},"end":{"line":50,"column":25}},"23":{"start":{"line":50,"column":25},"end":{"line":50,"column":42}},"24":{"start":{"line":50,"column":42},"end":{"line":50,"column":null}},"25":{"start":{"line":51,"column":8},"end":{"line":51,"column":25}},"26":{"start":{"line":51,"column":25},"end":{"line":51,"column":42}},"27":{"start":{"line":51,"column":42},"end":{"line":51,"column":59}},"28":{"start":{"line":53,"column":8},"end":{"line":53,"column":30}},"29":{"start":{"line":54,"column":8},"end":{"line":54,"column":30}},"30":{"start":{"line":55,"column":8},"end":{"line":55,"column":30}},"31":{"start":{"line":56,"column":8},"end":{"line":56,"column":30}},"32":{"start":{"line":57,"column":8},"end":{"line":57,"column":30}},"33":{"start":{"line":58,"column":8},"end":{"line":58,"column":30}},"34":{"start":{"line":59,"column":8},"end":{"line":59,"column":30}},"35":{"start":{"line":60,"column":8},"end":{"line":60,"column":30}},"36":{"start":{"line":61,"column":8},"end":{"line":61,"column":30}},"37":{"start":{"line":62,"column":8},"end":{"line":62,"column":19}},"38":{"start":{"line":65,"column":11},"end":{"line":76,"column":null}},"39":{"start":{"line":66,"column":8},"end":{"line":66,"column":40}},"40":{"start":{"line":67,"column":8},"end":{"line":67,"column":40}},"41":{"start":{"line":68,"column":8},"end":{"line":68,"column":40}},"42":{"start":{"line":69,"column":8},"end":{"line":69,"column":40}},"43":{"start":{"line":70,"column":8},"end":{"line":70,"column":40}},"44":{"start":{"line":71,"column":8},"end":{"line":71,"column":40}},"45":{"start":{"line":72,"column":8},"end":{"line":72,"column":40}},"46":{"start":{"line":73,"column":8},"end":{"line":73,"column":40}},"47":{"start":{"line":74,"column":8},"end":{"line":74,"column":40}},"48":{"start":{"line":75,"column":8},"end":{"line":75,"column":19}},"49":{"start":{"line":78,"column":11},"end":{"line":110,"column":null}},"50":{"start":{"line":79,"column":8},"end":{"line":79,"column":26}},"51":{"start":{"line":80,"column":8},"end":{"line":109,"column":11}},"52":{"start":{"line":82,"column":12},"end":{"line":108,"column":null}},"53":{"start":{"line":83,"column":16},"end":{"line":83,"column":104}},"54":{"start":{"line":84,"column":19},"end":{"line":108,"column":null}},"55":{"start":{"line":85,"column":16},"end":{"line":85,"column":104}},"56":{"start":{"line":86,"column":19},"end":{"line":108,"column":null}},"57":{"start":{"line":87,"column":16},"end":{"line":87,"column":114}},"58":{"start":{"line":90,"column":17},"end":{"line":108,"column":null}},"59":{"start":{"line":91,"column":16},"end":{"line":91,"column":96}},"60":{"start":{"line":92,"column":19},"end":{"line":108,"column":null}},"61":{"start":{"line":93,"column":16},"end":{"line":93,"column":96}},"62":{"start":{"line":94,"column":19},"end":{"line":108,"column":null}},"63":{"start":{"line":95,"column":16},"end":{"line":95,"column":110}},"64":{"start":{"line":98,"column":17},"end":{"line":108,"column":null}},"65":{"start":{"line":99,"column":16},"end":{"line":99,"column":94}},"66":{"start":{"line":100,"column":19},"end":{"line":108,"column":null}},"67":{"start":{"line":101,"column":16},"end":{"line":101,"column":95}},"68":{"start":{"line":102,"column":19},"end":{"line":108,"column":null}},"69":{"start":{"line":103,"column":16},"end":{"line":103,"column":104}},"70":{"start":{"line":106,"column":17},"end":{"line":108,"column":null}},"71":{"start":{"line":107,"column":16},"end":{"line":107,"column":92}},"72":{"start":{"line":112,"column":11},"end":{"line":127,"column":null}},"73":{"start":{"line":113,"column":18},"end":{"line":113,"column":29}},"74":{"start":{"line":114,"column":18},"end":{"line":114,"column":29}},"75":{"start":{"line":115,"column":18},"end":{"line":115,"column":29}},"76":{"start":{"line":116,"column":18},"end":{"line":116,"column":29}},"77":{"start":{"line":117,"column":19},"end":{"line":117,"column":31}},"78":{"start":{"line":118,"column":19},"end":{"line":118,"column":31}},"79":{"start":{"line":119,"column":8},"end":{"line":119,"column":23}},"80":{"start":{"line":120,"column":8},"end":{"line":120,"column":19}},"81":{"start":{"line":121,"column":8},"end":{"line":121,"column":19}},"82":{"start":{"line":122,"column":8},"end":{"line":122,"column":19}},"83":{"start":{"line":123,"column":8},"end":{"line":123,"column":19}},"84":{"start":{"line":124,"column":8},"end":{"line":124,"column":20}},"85":{"start":{"line":125,"column":8},"end":{"line":125,"column":20}},"86":{"start":{"line":126,"column":8},"end":{"line":126,"column":19}},"87":{"start":{"line":129,"column":11},"end":{"line":137,"column":null}},"88":{"start":{"line":130,"column":8},"end":{"line":130,"column":22}},"89":{"start":{"line":131,"column":8},"end":{"line":131,"column":22}},"90":{"start":{"line":132,"column":8},"end":{"line":132,"column":22}},"91":{"start":{"line":133,"column":8},"end":{"line":133,"column":22}},"92":{"start":{"line":134,"column":8},"end":{"line":134,"column":22}},"93":{"start":{"line":135,"column":8},"end":{"line":135,"column":22}},"94":{"start":{"line":136,"column":8},"end":{"line":136,"column":20}},"95":{"start":{"line":139,"column":11},"end":{"line":150,"column":null}},"96":{"start":{"line":140,"column":8},"end":{"line":140,"column":28}},"97":{"start":{"line":141,"column":8},"end":{"line":141,"column":28}},"98":{"start":{"line":142,"column":8},"end":{"line":142,"column":28}},"99":{"start":{"line":143,"column":8},"end":{"line":143,"column":28}},"100":{"start":{"line":144,"column":8},"end":{"line":144,"column":28}},"101":{"start":{"line":145,"column":8},"end":{"line":145,"column":28}},"102":{"start":{"line":146,"column":8},"end":{"line":146,"column":28}},"103":{"start":{"line":147,"column":8},"end":{"line":147,"column":28}},"104":{"start":{"line":148,"column":8},"end":{"line":148,"column":28}},"105":{"start":{"line":149,"column":8},"end":{"line":149,"column":19}},"106":{"start":{"line":152,"column":11},"end":{"line":180,"column":null}},"107":{"start":{"line":153,"column":8},"end":{"line":153,"column":23}},"108":{"start":{"line":154,"column":20},"end":{"line":154,"column":41}},"109":{"start":{"line":155,"column":8},"end":{"line":178,"column":null}},"110":{"start":{"line":156,"column":27},"end":{"line":156,"column":34}},"111":{"start":{"line":158,"column":22},"end":{"line":158,"column":83}},"112":{"start":{"line":159,"column":22},"end":{"line":159,"column":83}},"113":{"start":{"line":160,"column":22},"end":{"line":160,"column":83}},"114":{"start":{"line":162,"column":22},"end":{"line":162,"column":83}},"115":{"start":{"line":163,"column":22},"end":{"line":163,"column":83}},"116":{"start":{"line":164,"column":22},"end":{"line":164,"column":83}},"117":{"start":{"line":166,"column":22},"end":{"line":166,"column":83}},"118":{"start":{"line":167,"column":22},"end":{"line":167,"column":83}},"119":{"start":{"line":168,"column":22},"end":{"line":168,"column":83}},"120":{"start":{"line":169,"column":12},"end":{"line":169,"column":43}},"121":{"start":{"line":170,"column":12},"end":{"line":170,"column":43}},"122":{"start":{"line":171,"column":12},"end":{"line":171,"column":43}},"123":{"start":{"line":172,"column":12},"end":{"line":172,"column":43}},"124":{"start":{"line":173,"column":12},"end":{"line":173,"column":43}},"125":{"start":{"line":174,"column":12},"end":{"line":174,"column":43}},"126":{"start":{"line":175,"column":12},"end":{"line":175,"column":43}},"127":{"start":{"line":176,"column":12},"end":{"line":176,"column":43}},"128":{"start":{"line":177,"column":12},"end":{"line":177,"column":43}},"129":{"start":{"line":179,"column":8},"end":{"line":179,"column":19}},"130":{"start":{"line":182,"column":11},"end":{"line":186,"column":null}},"131":{"start":{"line":183,"column":8},"end":{"line":185,"column":92}},"132":{"start":{"line":188,"column":11},"end":{"line":211,"column":null}},"133":{"start":{"line":189,"column":8},"end":{"line":189,"column":23}},"134":{"start":{"line":190,"column":18},"end":{"line":190,"column":31}},"135":{"start":{"line":190,"column":43},"end":{"line":190,"column":56}},"136":{"start":{"line":190,"column":68},"end":{"line":190,"column":81}},"137":{"start":{"line":191,"column":18},"end":{"line":191,"column":31}},"138":{"start":{"line":191,"column":43},"end":{"line":191,"column":56}},"139":{"start":{"line":191,"column":68},"end":{"line":191,"column":81}},"140":{"start":{"line":192,"column":18},"end":{"line":192,"column":31}},"141":{"start":{"line":192,"column":43},"end":{"line":192,"column":56}},"142":{"start":{"line":192,"column":68},"end":{"line":192,"column":81}},"143":{"start":{"line":193,"column":17},"end":{"line":193,"column":31}},"144":{"start":{"line":194,"column":17},"end":{"line":194,"column":31}},"145":{"start":{"line":195,"column":18},"end":{"line":195,"column":19}},"146":{"start":{"line":196,"column":18},"end":{"line":196,"column":20}},"147":{"start":{"line":197,"column":18},"end":{"line":197,"column":20}},"148":{"start":{"line":198,"column":18},"end":{"line":198,"column":19}},"149":{"start":{"line":199,"column":8},"end":{"line":199,"column":48}},"150":{"start":{"line":200,"column":8},"end":{"line":200,"column":48}},"151":{"start":{"line":201,"column":8},"end":{"line":201,"column":48}},"152":{"start":{"line":203,"column":8},"end":{"line":203,"column":48}},"153":{"start":{"line":204,"column":8},"end":{"line":204,"column":48}},"154":{"start":{"line":205,"column":8},"end":{"line":205,"column":48}},"155":{"start":{"line":207,"column":8},"end":{"line":207,"column":30}},"156":{"start":{"line":208,"column":8},"end":{"line":208,"column":30}},"157":{"start":{"line":209,"column":8},"end":{"line":209,"column":30}},"158":{"start":{"line":210,"column":8},"end":{"line":210,"column":19}},"159":{"start":{"line":213,"column":11},"end":{"line":236,"column":null}},"160":{"start":{"line":214,"column":8},"end":{"line":214,"column":23}},"161":{"start":{"line":215,"column":18},"end":{"line":215,"column":31}},"162":{"start":{"line":215,"column":43},"end":{"line":215,"column":56}},"163":{"start":{"line":215,"column":68},"end":{"line":215,"column":81}},"164":{"start":{"line":216,"column":18},"end":{"line":216,"column":31}},"165":{"start":{"line":216,"column":43},"end":{"line":216,"column":56}},"166":{"start":{"line":216,"column":68},"end":{"line":216,"column":81}},"167":{"start":{"line":217,"column":18},"end":{"line":217,"column":31}},"168":{"start":{"line":217,"column":43},"end":{"line":217,"column":56}},"169":{"start":{"line":217,"column":68},"end":{"line":217,"column":81}},"170":{"start":{"line":218,"column":16},"end":{"line":218,"column":29}},"171":{"start":{"line":219,"column":16},"end":{"line":219,"column":29}},"172":{"start":{"line":220,"column":18},"end":{"line":220,"column":19}},"173":{"start":{"line":221,"column":18},"end":{"line":221,"column":20}},"174":{"start":{"line":222,"column":18},"end":{"line":222,"column":19}},"175":{"start":{"line":223,"column":18},"end":{"line":223,"column":19}},"176":{"start":{"line":224,"column":8},"end":{"line":224,"column":48}},"177":{"start":{"line":225,"column":8},"end":{"line":225,"column":48}},"178":{"start":{"line":226,"column":8},"end":{"line":226,"column":48}},"179":{"start":{"line":228,"column":8},"end":{"line":228,"column":48}},"180":{"start":{"line":229,"column":8},"end":{"line":229,"column":48}},"181":{"start":{"line":230,"column":8},"end":{"line":230,"column":48}},"182":{"start":{"line":232,"column":8},"end":{"line":232,"column":30}},"183":{"start":{"line":233,"column":8},"end":{"line":233,"column":30}},"184":{"start":{"line":234,"column":8},"end":{"line":234,"column":30}},"185":{"start":{"line":235,"column":8},"end":{"line":235,"column":19}},"186":{"start":{"line":238,"column":11},"end":{"line":258,"column":null}},"187":{"start":{"line":239,"column":8},"end":{"line":239,"column":23}},"188":{"start":{"line":240,"column":18},"end":{"line":240,"column":31}},"189":{"start":{"line":240,"column":43},"end":{"line":240,"column":56}},"190":{"start":{"line":240,"column":68},"end":{"line":240,"column":81}},"191":{"start":{"line":241,"column":18},"end":{"line":241,"column":31}},"192":{"start":{"line":241,"column":43},"end":{"line":241,"column":56}},"193":{"start":{"line":241,"column":68},"end":{"line":241,"column":81}},"194":{"start":{"line":242,"column":18},"end":{"line":242,"column":31}},"195":{"start":{"line":242,"column":43},"end":{"line":242,"column":56}},"196":{"start":{"line":242,"column":68},"end":{"line":242,"column":81}},"197":{"start":{"line":243,"column":17},"end":{"line":243,"column":21}},"198":{"start":{"line":244,"column":17},"end":{"line":244,"column":21}},"199":{"start":{"line":246,"column":8},"end":{"line":246,"column":35}},"200":{"start":{"line":247,"column":8},"end":{"line":247,"column":35}},"201":{"start":{"line":248,"column":8},"end":{"line":248,"column":35}},"202":{"start":{"line":250,"column":8},"end":{"line":250,"column":35}},"203":{"start":{"line":251,"column":8},"end":{"line":251,"column":35}},"204":{"start":{"line":252,"column":8},"end":{"line":252,"column":35}},"205":{"start":{"line":254,"column":8},"end":{"line":254,"column":30}},"206":{"start":{"line":255,"column":8},"end":{"line":255,"column":30}},"207":{"start":{"line":256,"column":8},"end":{"line":256,"column":30}},"208":{"start":{"line":257,"column":8},"end":{"line":257,"column":19}},"209":{"start":{"line":260,"column":11},"end":{"line":280,"column":null}},"210":{"start":{"line":261,"column":8},"end":{"line":261,"column":23}},"211":{"start":{"line":262,"column":18},"end":{"line":262,"column":31}},"212":{"start":{"line":262,"column":43},"end":{"line":262,"column":56}},"213":{"start":{"line":262,"column":68},"end":{"line":262,"column":81}},"214":{"start":{"line":263,"column":18},"end":{"line":263,"column":31}},"215":{"start":{"line":263,"column":43},"end":{"line":263,"column":56}},"216":{"start":{"line":263,"column":68},"end":{"line":263,"column":81}},"217":{"start":{"line":264,"column":18},"end":{"line":264,"column":31}},"218":{"start":{"line":264,"column":43},"end":{"line":264,"column":56}},"219":{"start":{"line":264,"column":68},"end":{"line":264,"column":81}},"220":{"start":{"line":265,"column":17},"end":{"line":265,"column":21}},"221":{"start":{"line":266,"column":17},"end":{"line":266,"column":21}},"222":{"start":{"line":268,"column":8},"end":{"line":268,"column":30}},"223":{"start":{"line":269,"column":8},"end":{"line":269,"column":30}},"224":{"start":{"line":270,"column":8},"end":{"line":270,"column":35}},"225":{"start":{"line":272,"column":8},"end":{"line":272,"column":30}},"226":{"start":{"line":273,"column":8},"end":{"line":273,"column":30}},"227":{"start":{"line":274,"column":8},"end":{"line":274,"column":35}},"228":{"start":{"line":276,"column":8},"end":{"line":276,"column":30}},"229":{"start":{"line":277,"column":8},"end":{"line":277,"column":30}},"230":{"start":{"line":278,"column":8},"end":{"line":278,"column":30}},"231":{"start":{"line":279,"column":8},"end":{"line":279,"column":19}},"232":{"start":{"line":282,"column":11},"end":{"line":295,"column":null}},"233":{"start":{"line":283,"column":16},"end":{"line":283,"column":29}},"234":{"start":{"line":284,"column":16},"end":{"line":284,"column":29}},"235":{"start":{"line":285,"column":8},"end":{"line":285,"column":28}},"236":{"start":{"line":286,"column":8},"end":{"line":286,"column":29}},"237":{"start":{"line":287,"column":8},"end":{"line":287,"column":28}},"238":{"start":{"line":288,"column":8},"end":{"line":288,"column":28}},"239":{"start":{"line":289,"column":8},"end":{"line":289,"column":28}},"240":{"start":{"line":290,"column":8},"end":{"line":290,"column":28}},"241":{"start":{"line":291,"column":8},"end":{"line":291,"column":28}},"242":{"start":{"line":292,"column":8},"end":{"line":292,"column":28}},"243":{"start":{"line":293,"column":8},"end":{"line":293,"column":28}},"244":{"start":{"line":294,"column":8},"end":{"line":294,"column":19}},"245":{"start":{"line":297,"column":11},"end":{"line":308,"column":null}},"246":{"start":{"line":298,"column":8},"end":{"line":298,"column":31}},"247":{"start":{"line":299,"column":8},"end":{"line":299,"column":28}},"248":{"start":{"line":300,"column":8},"end":{"line":300,"column":28}},"249":{"start":{"line":301,"column":8},"end":{"line":301,"column":28}},"250":{"start":{"line":302,"column":8},"end":{"line":302,"column":31}},"251":{"start":{"line":303,"column":8},"end":{"line":303,"column":28}},"252":{"start":{"line":304,"column":8},"end":{"line":304,"column":28}},"253":{"start":{"line":305,"column":8},"end":{"line":305,"column":28}},"254":{"start":{"line":306,"column":8},"end":{"line":306,"column":28}},"255":{"start":{"line":307,"column":8},"end":{"line":307,"column":19}},"256":{"start":{"line":310,"column":11},"end":{"line":321,"column":null}},"257":{"start":{"line":311,"column":8},"end":{"line":311,"column":28}},"258":{"start":{"line":312,"column":8},"end":{"line":312,"column":28}},"259":{"start":{"line":313,"column":8},"end":{"line":313,"column":31}},"260":{"start":{"line":314,"column":8},"end":{"line":314,"column":28}},"261":{"start":{"line":315,"column":8},"end":{"line":315,"column":28}},"262":{"start":{"line":316,"column":8},"end":{"line":316,"column":31}},"263":{"start":{"line":317,"column":8},"end":{"line":317,"column":28}},"264":{"start":{"line":318,"column":8},"end":{"line":318,"column":28}},"265":{"start":{"line":319,"column":8},"end":{"line":319,"column":28}},"266":{"start":{"line":320,"column":8},"end":{"line":320,"column":19}},"267":{"start":{"line":323,"column":11},"end":{"line":335,"column":null}},"268":{"start":{"line":324,"column":8},"end":{"line":324,"column":23}},"269":{"start":{"line":325,"column":8},"end":{"line":325,"column":56}},"270":{"start":{"line":326,"column":8},"end":{"line":326,"column":56}},"271":{"start":{"line":327,"column":8},"end":{"line":327,"column":56}},"272":{"start":{"line":328,"column":8},"end":{"line":328,"column":56}},"273":{"start":{"line":329,"column":8},"end":{"line":329,"column":56}},"274":{"start":{"line":330,"column":8},"end":{"line":330,"column":56}},"275":{"start":{"line":331,"column":8},"end":{"line":331,"column":56}},"276":{"start":{"line":332,"column":8},"end":{"line":332,"column":56}},"277":{"start":{"line":333,"column":8},"end":{"line":333,"column":56}},"278":{"start":{"line":334,"column":8},"end":{"line":334,"column":19}},"279":{"start":{"line":337,"column":11},"end":{"line":349,"column":null}},"280":{"start":{"line":338,"column":8},"end":{"line":338,"column":23}},"281":{"start":{"line":339,"column":8},"end":{"line":339,"column":56}},"282":{"start":{"line":340,"column":8},"end":{"line":340,"column":56}},"283":{"start":{"line":341,"column":8},"end":{"line":341,"column":56}},"284":{"start":{"line":342,"column":8},"end":{"line":342,"column":56}},"285":{"start":{"line":343,"column":8},"end":{"line":343,"column":56}},"286":{"start":{"line":344,"column":8},"end":{"line":344,"column":56}},"287":{"start":{"line":345,"column":8},"end":{"line":345,"column":56}},"288":{"start":{"line":346,"column":8},"end":{"line":346,"column":56}},"289":{"start":{"line":347,"column":8},"end":{"line":347,"column":56}},"290":{"start":{"line":348,"column":8},"end":{"line":348,"column":19}},"291":{"start":{"line":351,"column":11},"end":{"line":385,"column":null}},"292":{"start":{"line":352,"column":8},"end":{"line":352,"column":23}},"293":{"start":{"line":353,"column":8},"end":{"line":383,"column":null}},"294":{"start":{"line":354,"column":12},"end":{"line":354,"column":48}},"295":{"start":{"line":355,"column":12},"end":{"line":355,"column":48}},"296":{"start":{"line":356,"column":12},"end":{"line":356,"column":48}},"297":{"start":{"line":357,"column":12},"end":{"line":357,"column":48}},"298":{"start":{"line":358,"column":12},"end":{"line":358,"column":48}},"299":{"start":{"line":359,"column":12},"end":{"line":359,"column":48}},"300":{"start":{"line":360,"column":12},"end":{"line":360,"column":48}},"301":{"start":{"line":361,"column":12},"end":{"line":361,"column":48}},"302":{"start":{"line":362,"column":12},"end":{"line":362,"column":48}},"303":{"start":{"line":364,"column":22},"end":{"line":364,"column":35}},"304":{"start":{"line":364,"column":47},"end":{"line":364,"column":60}},"305":{"start":{"line":364,"column":72},"end":{"line":364,"column":85}},"306":{"start":{"line":365,"column":22},"end":{"line":365,"column":35}},"307":{"start":{"line":365,"column":47},"end":{"line":365,"column":60}},"308":{"start":{"line":365,"column":72},"end":{"line":365,"column":85}},"309":{"start":{"line":366,"column":22},"end":{"line":366,"column":35}},"310":{"start":{"line":366,"column":47},"end":{"line":366,"column":60}},"311":{"start":{"line":366,"column":72},"end":{"line":366,"column":85}},"312":{"start":{"line":367,"column":22},"end":{"line":367,"column":35}},"313":{"start":{"line":367,"column":47},"end":{"line":367,"column":60}},"314":{"start":{"line":367,"column":72},"end":{"line":367,"column":85}},"315":{"start":{"line":368,"column":22},"end":{"line":368,"column":35}},"316":{"start":{"line":368,"column":47},"end":{"line":368,"column":60}},"317":{"start":{"line":368,"column":72},"end":{"line":368,"column":85}},"318":{"start":{"line":369,"column":22},"end":{"line":369,"column":35}},"319":{"start":{"line":369,"column":47},"end":{"line":369,"column":60}},"320":{"start":{"line":370,"column":22},"end":{"line":370,"column":35}},"321":{"start":{"line":372,"column":12},"end":{"line":372,"column":55}},"322":{"start":{"line":373,"column":12},"end":{"line":373,"column":55}},"323":{"start":{"line":374,"column":12},"end":{"line":374,"column":55}},"324":{"start":{"line":376,"column":12},"end":{"line":376,"column":55}},"325":{"start":{"line":377,"column":12},"end":{"line":377,"column":55}},"326":{"start":{"line":378,"column":12},"end":{"line":378,"column":55}},"327":{"start":{"line":380,"column":12},"end":{"line":380,"column":55}},"328":{"start":{"line":381,"column":12},"end":{"line":381,"column":55}},"329":{"start":{"line":382,"column":12},"end":{"line":382,"column":55}},"330":{"start":{"line":384,"column":8},"end":{"line":384,"column":19}},"331":{"start":{"line":387,"column":11},"end":{"line":398,"column":null}},"332":{"start":{"line":388,"column":8},"end":{"line":388,"column":40}},"333":{"start":{"line":389,"column":8},"end":{"line":389,"column":40}},"334":{"start":{"line":390,"column":8},"end":{"line":390,"column":40}},"335":{"start":{"line":391,"column":8},"end":{"line":391,"column":40}},"336":{"start":{"line":392,"column":8},"end":{"line":392,"column":40}},"337":{"start":{"line":393,"column":8},"end":{"line":393,"column":40}},"338":{"start":{"line":394,"column":8},"end":{"line":394,"column":40}},"339":{"start":{"line":395,"column":8},"end":{"line":395,"column":40}},"340":{"start":{"line":396,"column":8},"end":{"line":396,"column":40}},"341":{"start":{"line":397,"column":8},"end":{"line":397,"column":19}},"342":{"start":{"line":400,"column":11},"end":{"line":410,"column":null}},"343":{"start":{"line":401,"column":8},"end":{"line":409,"column":59}},"344":{"start":{"line":417,"column":11},"end":{"line":441,"column":null}},"345":{"start":{"line":418,"column":18},"end":{"line":418,"column":33}},"346":{"start":{"line":419,"column":18},"end":{"line":419,"column":33}},"347":{"start":{"line":420,"column":18},"end":{"line":420,"column":33}},"348":{"start":{"line":421,"column":18},"end":{"line":421,"column":33}},"349":{"start":{"line":422,"column":22},"end":{"line":422,"column":40}},"350":{"start":{"line":423,"column":22},"end":{"line":423,"column":38}},"351":{"start":{"line":424,"column":22},"end":{"line":424,"column":45}},"352":{"start":{"line":425,"column":8},"end":{"line":435,"column":null}},"353":{"start":{"line":426,"column":12},"end":{"line":426,"column":33}},"354":{"start":{"line":427,"column":12},"end":{"line":429,"column":null}},"355":{"start":{"line":428,"column":16},"end":{"line":428,"column":73}},"356":{"start":{"line":430,"column":12},"end":{"line":430,"column":42}},"357":{"start":{"line":432,"column":12},"end":{"line":432,"column":29}},"358":{"start":{"line":433,"column":12},"end":{"line":433,"column":32}},"359":{"start":{"line":434,"column":12},"end":{"line":434,"column":32}},"360":{"start":{"line":436,"column":8},"end":{"line":436,"column":52}},"361":{"start":{"line":437,"column":8},"end":{"line":437,"column":52}},"362":{"start":{"line":438,"column":8},"end":{"line":438,"column":45}},"363":{"start":{"line":439,"column":8},"end":{"line":439,"column":45}},"364":{"start":{"line":440,"column":8},"end":{"line":440,"column":19}},"365":{"start":{"line":448,"column":11},"end":{"line":457,"column":null}},"366":{"start":{"line":449,"column":8},"end":{"line":449,"column":26}},"367":{"start":{"line":450,"column":8},"end":{"line":450,"column":54}},"368":{"start":{"line":451,"column":8},"end":{"line":451,"column":37}},"369":{"start":{"line":452,"column":8},"end":{"line":452,"column":41}},"370":{"start":{"line":453,"column":8},"end":{"line":453,"column":35}},"371":{"start":{"line":454,"column":8},"end":{"line":454,"column":37}},"372":{"start":{"line":455,"column":8},"end":{"line":455,"column":47}},"373":{"start":{"line":456,"column":8},"end":{"line":456,"column":19}},"374":{"start":{"line":21,"column":18},"end":{"line":21,"column":32}},"375":{"start":{"line":22,"column":18},"end":{"line":22,"column":32}},"376":{"start":{"line":23,"column":18},"end":{"line":23,"column":32}},"377":{"start":{"line":24,"column":18},"end":{"line":24,"column":32}},"378":{"start":{"line":25,"column":18},"end":{"line":25,"column":33}},"379":{"start":{"line":26,"column":18},"end":{"line":26,"column":33}},"380":{"start":{"line":28,"column":18},"end":{"line":28,"column":34}},"381":{"start":{"line":29,"column":18},"end":{"line":29,"column":34}},"382":{"start":{"line":30,"column":18},"end":{"line":30,"column":34}},"383":{"start":{"line":31,"column":18},"end":{"line":31,"column":34}},"384":{"start":{"line":32,"column":18},"end":{"line":32,"column":34}},"385":{"start":{"line":33,"column":18},"end":{"line":33,"column":34}},"386":{"start":{"line":34,"column":18},"end":{"line":34,"column":34}},"387":{"start":{"line":35,"column":18},"end":{"line":35,"column":34}},"388":{"start":{"line":36,"column":18},"end":{"line":36,"column":34}},"389":{"start":{"line":458,"column":0},"end":{"line":458,"column":null}},"390":{"start":{"line":19,"column":21},"end":{"line":19,"column":36}}},"fnMap":{"0":{"name":"(anonymous_6)","decl":{"start":{"line":8,"column":22},"end":{"line":8,"column":23}},"loc":{"start":{"line":8,"column":34},"end":{"line":10,"column":1}}},"1":{"name":"(anonymous_7)","decl":{"start":{"line":19,"column":0},"end":{"line":19,"column":21}},"loc":{"start":{"line":19,"column":0},"end":{"line":19,"column":21}}},"2":{"name":"(anonymous_9)","decl":{"start":{"line":38,"column":4},"end":{"line":38,"column":11}},"loc":{"start":{"line":41,"column":57},"end":{"line":46,"column":5}}},"3":{"name":"(anonymous_10)","decl":{"start":{"line":48,"column":4},"end":{"line":48,"column":11}},"loc":{"start":{"line":51,"column":67},"end":{"line":63,"column":5}}},"4":{"name":"(anonymous_11)","decl":{"start":{"line":65,"column":4},"end":{"line":65,"column":11}},"loc":{"start":{"line":65,"column":33},"end":{"line":76,"column":5}}},"5":{"name":"(anonymous_12)","decl":{"start":{"line":78,"column":4},"end":{"line":78,"column":11}},"loc":{"start":{"line":78,"column":50},"end":{"line":110,"column":5}}},"6":{"name":"(anonymous_13)","decl":{"start":{"line":80,"column":44},"end":{"line":80,"column":45}},"loc":{"start":{"line":80,"column":51},"end":{"line":109,"column":9}}},"7":{"name":"(anonymous_14)","decl":{"start":{"line":112,"column":4},"end":{"line":112,"column":11}},"loc":{"start":{"line":112,"column":44},"end":{"line":127,"column":5}}},"8":{"name":"(anonymous_15)","decl":{"start":{"line":129,"column":4},"end":{"line":129,"column":11}},"loc":{"start":{"line":129,"column":52},"end":{"line":137,"column":5}}},"9":{"name":"(anonymous_16)","decl":{"start":{"line":139,"column":4},"end":{"line":139,"column":11}},"loc":{"start":{"line":139,"column":25},"end":{"line":150,"column":5}}},"10":{"name":"(anonymous_17)","decl":{"start":{"line":152,"column":4},"end":{"line":152,"column":11}},"loc":{"start":{"line":152,"column":35},"end":{"line":180,"column":5}}},"11":{"name":"(anonymous_18)","decl":{"start":{"line":182,"column":4},"end":{"line":182,"column":11}},"loc":{"start":{"line":182,"column":29},"end":{"line":186,"column":5}}},"12":{"name":"(anonymous_19)","decl":{"start":{"line":188,"column":4},"end":{"line":188,"column":11}},"loc":{"start":{"line":188,"column":41},"end":{"line":211,"column":5}}},"13":{"name":"(anonymous_20)","decl":{"start":{"line":213,"column":4},"end":{"line":213,"column":11}},"loc":{"start":{"line":213,"column":48},"end":{"line":236,"column":5}}},"14":{"name":"(anonymous_21)","decl":{"start":{"line":238,"column":4},"end":{"line":238,"column":11}},"loc":{"start":{"line":238,"column":42},"end":{"line":258,"column":5}}},"15":{"name":"(anonymous_22)","decl":{"start":{"line":260,"column":4},"end":{"line":260,"column":11}},"loc":{"start":{"line":260,"column":46},"end":{"line":280,"column":5}}},"16":{"name":"(anonymous_23)","decl":{"start":{"line":282,"column":4},"end":{"line":282,"column":11}},"loc":{"start":{"line":282,"column":45},"end":{"line":295,"column":5}}},"17":{"name":"(anonymous_24)","decl":{"start":{"line":297,"column":4},"end":{"line":297,"column":11}},"loc":{"start":{"line":297,"column":37},"end":{"line":308,"column":5}}},"18":{"name":"(anonymous_25)","decl":{"start":{"line":310,"column":4},"end":{"line":310,"column":11}},"loc":{"start":{"line":310,"column":43},"end":{"line":321,"column":5}}},"19":{"name":"(anonymous_26)","decl":{"start":{"line":323,"column":4},"end":{"line":323,"column":11}},"loc":{"start":{"line":323,"column":40},"end":{"line":335,"column":5}}},"20":{"name":"(anonymous_27)","decl":{"start":{"line":337,"column":4},"end":{"line":337,"column":11}},"loc":{"start":{"line":337,"column":40},"end":{"line":349,"column":5}}},"21":{"name":"(anonymous_28)","decl":{"start":{"line":351,"column":4},"end":{"line":351,"column":11}},"loc":{"start":{"line":351,"column":47},"end":{"line":385,"column":5}}},"22":{"name":"(anonymous_29)","decl":{"start":{"line":387,"column":4},"end":{"line":387,"column":11}},"loc":{"start":{"line":387,"column":37},"end":{"line":398,"column":5}}},"23":{"name":"(anonymous_30)","decl":{"start":{"line":400,"column":4},"end":{"line":400,"column":11}},"loc":{"start":{"line":400,"column":32},"end":{"line":410,"column":5}}},"24":{"name":"(anonymous_31)","decl":{"start":{"line":417,"column":4},"end":{"line":417,"column":11}},"loc":{"start":{"line":417,"column":45},"end":{"line":441,"column":5}}},"25":{"name":"(anonymous_32)","decl":{"start":{"line":448,"column":4},"end":{"line":448,"column":11}},"loc":{"start":{"line":448,"column":57},"end":{"line":457,"column":5}}}},"branchMap":{"0":{"loc":{"start":{"line":39,"column":8},"end":{"line":39,"column":25}},"type":"if","locations":[{"start":{"line":39,"column":8},"end":{"line":39,"column":25}},{"start":{"line":39,"column":8},"end":{"line":39,"column":25}}]},"1":{"loc":{"start":{"line":39,"column":25},"end":{"line":39,"column":42}},"type":"if","locations":[{"start":{"line":39,"column":25},"end":{"line":39,"column":42}},{"start":{"line":39,"column":25},"end":{"line":39,"column":42}}]},"2":{"loc":{"start":{"line":39,"column":42},"end":{"line":39,"column":null}},"type":"if","locations":[{"start":{"line":39,"column":42},"end":{"line":39,"column":null}},{"start":{"line":39,"column":42},"end":{"line":39,"column":null}}]},"3":{"loc":{"start":{"line":40,"column":8},"end":{"line":40,"column":25}},"type":"if","locations":[{"start":{"line":40,"column":8},"end":{"line":40,"column":25}},{"start":{"line":40,"column":8},"end":{"line":40,"column":25}}]},"4":{"loc":{"start":{"line":40,"column":25},"end":{"line":40,"column":42}},"type":"if","locations":[{"start":{"line":40,"column":25},"end":{"line":40,"column":42}},{"start":{"line":40,"column":25},"end":{"line":40,"column":42}}]},"5":{"loc":{"start":{"line":40,"column":42},"end":{"line":40,"column":null}},"type":"if","locations":[{"start":{"line":40,"column":42},"end":{"line":40,"column":null}},{"start":{"line":40,"column":42},"end":{"line":40,"column":null}}]},"6":{"loc":{"start":{"line":41,"column":8},"end":{"line":41,"column":25}},"type":"if","locations":[{"start":{"line":41,"column":8},"end":{"line":41,"column":25}},{"start":{"line":41,"column":8},"end":{"line":41,"column":25}}]},"7":{"loc":{"start":{"line":41,"column":25},"end":{"line":41,"column":42}},"type":"if","locations":[{"start":{"line":41,"column":25},"end":{"line":41,"column":42}},{"start":{"line":41,"column":25},"end":{"line":41,"column":42}}]},"8":{"loc":{"start":{"line":41,"column":42},"end":{"line":41,"column":null}},"type":"if","locations":[{"start":{"line":41,"column":42},"end":{"line":41,"column":null}},{"start":{"line":41,"column":42},"end":{"line":41,"column":null}}]},"9":{"loc":{"start":{"line":49,"column":8},"end":{"line":49,"column":25}},"type":"if","locations":[{"start":{"line":49,"column":8},"end":{"line":49,"column":25}},{"start":{"line":49,"column":8},"end":{"line":49,"column":25}}]},"10":{"loc":{"start":{"line":49,"column":25},"end":{"line":49,"column":42}},"type":"if","locations":[{"start":{"line":49,"column":25},"end":{"line":49,"column":42}},{"start":{"line":49,"column":25},"end":{"line":49,"column":42}}]},"11":{"loc":{"start":{"line":49,"column":42},"end":{"line":49,"column":null}},"type":"if","locations":[{"start":{"line":49,"column":42},"end":{"line":49,"column":null}},{"start":{"line":49,"column":42},"end":{"line":49,"column":null}}]},"12":{"loc":{"start":{"line":50,"column":8},"end":{"line":50,"column":25}},"type":"if","locations":[{"start":{"line":50,"column":8},"end":{"line":50,"column":25}},{"start":{"line":50,"column":8},"end":{"line":50,"column":25}}]},"13":{"loc":{"start":{"line":50,"column":25},"end":{"line":50,"column":42}},"type":"if","locations":[{"start":{"line":50,"column":25},"end":{"line":50,"column":42}},{"start":{"line":50,"column":25},"end":{"line":50,"column":42}}]},"14":{"loc":{"start":{"line":50,"column":42},"end":{"line":50,"column":null}},"type":"if","locations":[{"start":{"line":50,"column":42},"end":{"line":50,"column":null}},{"start":{"line":50,"column":42},"end":{"line":50,"column":null}}]},"15":{"loc":{"start":{"line":51,"column":8},"end":{"line":51,"column":25}},"type":"if","locations":[{"start":{"line":51,"column":8},"end":{"line":51,"column":25}},{"start":{"line":51,"column":8},"end":{"line":51,"column":25}}]},"16":{"loc":{"start":{"line":51,"column":25},"end":{"line":51,"column":42}},"type":"if","locations":[{"start":{"line":51,"column":25},"end":{"line":51,"column":42}},{"start":{"line":51,"column":25},"end":{"line":51,"column":42}}]},"17":{"loc":{"start":{"line":51,"column":42},"end":{"line":51,"column":59}},"type":"if","locations":[{"start":{"line":51,"column":42},"end":{"line":51,"column":59}},{"start":{"line":51,"column":42},"end":{"line":51,"column":59}}]},"18":{"loc":{"start":{"line":82,"column":12},"end":{"line":108,"column":null}},"type":"if","locations":[{"start":{"line":82,"column":12},"end":{"line":108,"column":null}},{"start":{"line":82,"column":12},"end":{"line":108,"column":null}}]},"19":{"loc":{"start":{"line":84,"column":19},"end":{"line":108,"column":null}},"type":"if","locations":[{"start":{"line":84,"column":19},"end":{"line":108,"column":null}},{"start":{"line":84,"column":19},"end":{"line":108,"column":null}}]},"20":{"loc":{"start":{"line":86,"column":19},"end":{"line":108,"column":null}},"type":"if","locations":[{"start":{"line":86,"column":19},"end":{"line":108,"column":null}},{"start":{"line":86,"column":19},"end":{"line":108,"column":null}}]},"21":{"loc":{"start":{"line":90,"column":17},"end":{"line":108,"column":null}},"type":"if","locations":[{"start":{"line":90,"column":17},"end":{"line":108,"column":null}},{"start":{"line":90,"column":17},"end":{"line":108,"column":null}}]},"22":{"loc":{"start":{"line":92,"column":19},"end":{"line":108,"column":null}},"type":"if","locations":[{"start":{"line":92,"column":19},"end":{"line":108,"column":null}},{"start":{"line":92,"column":19},"end":{"line":108,"column":null}}]},"23":{"loc":{"start":{"line":94,"column":19},"end":{"line":108,"column":null}},"type":"if","locations":[{"start":{"line":94,"column":19},"end":{"line":108,"column":null}},{"start":{"line":94,"column":19},"end":{"line":108,"column":null}}]},"24":{"loc":{"start":{"line":98,"column":17},"end":{"line":108,"column":null}},"type":"if","locations":[{"start":{"line":98,"column":17},"end":{"line":108,"column":null}},{"start":{"line":98,"column":17},"end":{"line":108,"column":null}}]},"25":{"loc":{"start":{"line":100,"column":19},"end":{"line":108,"column":null}},"type":"if","locations":[{"start":{"line":100,"column":19},"end":{"line":108,"column":null}},{"start":{"line":100,"column":19},"end":{"line":108,"column":null}}]},"26":{"loc":{"start":{"line":102,"column":19},"end":{"line":108,"column":null}},"type":"if","locations":[{"start":{"line":102,"column":19},"end":{"line":108,"column":null}},{"start":{"line":102,"column":19},"end":{"line":108,"column":null}}]},"27":{"loc":{"start":{"line":106,"column":17},"end":{"line":108,"column":null}},"type":"if","locations":[{"start":{"line":106,"column":17},"end":{"line":108,"column":null}},{"start":{"line":106,"column":17},"end":{"line":108,"column":null}}]},"28":{"loc":{"start":{"line":119,"column":14},"end":{"line":119,"column":17}},"type":"binary-expr","locations":[{"start":{"line":119,"column":14},"end":{"line":119,"column":17}},{"start":{"line":119,"column":21},"end":{"line":119,"column":22}}]},"29":{"loc":{"start":{"line":153,"column":14},"end":{"line":153,"column":17}},"type":"binary-expr","locations":[{"start":{"line":153,"column":14},"end":{"line":153,"column":17}},{"start":{"line":153,"column":21},"end":{"line":153,"column":22}}]},"30":{"loc":{"start":{"line":155,"column":8},"end":{"line":178,"column":null}},"type":"if","locations":[{"start":{"line":155,"column":8},"end":{"line":178,"column":null}},{"start":{"line":155,"column":8},"end":{"line":178,"column":null}}]},"31":{"loc":{"start":{"line":189,"column":14},"end":{"line":189,"column":17}},"type":"binary-expr","locations":[{"start":{"line":189,"column":14},"end":{"line":189,"column":17}},{"start":{"line":189,"column":21},"end":{"line":189,"column":22}}]},"32":{"loc":{"start":{"line":214,"column":14},"end":{"line":214,"column":17}},"type":"binary-expr","locations":[{"start":{"line":214,"column":14},"end":{"line":214,"column":17}},{"start":{"line":214,"column":21},"end":{"line":214,"column":22}}]},"33":{"loc":{"start":{"line":239,"column":14},"end":{"line":239,"column":17}},"type":"binary-expr","locations":[{"start":{"line":239,"column":14},"end":{"line":239,"column":17}},{"start":{"line":239,"column":21},"end":{"line":239,"column":22}}]},"34":{"loc":{"start":{"line":261,"column":14},"end":{"line":261,"column":17}},"type":"binary-expr","locations":[{"start":{"line":261,"column":14},"end":{"line":261,"column":17}},{"start":{"line":261,"column":21},"end":{"line":261,"column":22}}]},"35":{"loc":{"start":{"line":324,"column":14},"end":{"line":324,"column":17}},"type":"binary-expr","locations":[{"start":{"line":324,"column":14},"end":{"line":324,"column":17}},{"start":{"line":324,"column":21},"end":{"line":324,"column":22}}]},"36":{"loc":{"start":{"line":338,"column":14},"end":{"line":338,"column":17}},"type":"binary-expr","locations":[{"start":{"line":338,"column":14},"end":{"line":338,"column":17}},{"start":{"line":338,"column":21},"end":{"line":338,"column":22}}]},"37":{"loc":{"start":{"line":352,"column":14},"end":{"line":352,"column":17}},"type":"binary-expr","locations":[{"start":{"line":352,"column":14},"end":{"line":352,"column":17}},{"start":{"line":352,"column":21},"end":{"line":352,"column":22}}]},"38":{"loc":{"start":{"line":353,"column":8},"end":{"line":383,"column":null}},"type":"if","locations":[{"start":{"line":353,"column":8},"end":{"line":383,"column":null}},{"start":{"line":353,"column":8},"end":{"line":383,"column":null}}]},"39":{"loc":{"start":{"line":401,"column":15},"end":{"line":401,"column":61}},"type":"binary-expr","locations":[{"start":{"line":401,"column":15},"end":{"line":401,"column":61}},{"start":{"line":402,"column":12},"end":{"line":402,"column":58}},{"start":{"line":403,"column":12},"end":{"line":403,"column":58}},{"start":{"line":404,"column":12},"end":{"line":404,"column":58}},{"start":{"line":405,"column":12},"end":{"line":405,"column":58}},{"start":{"line":406,"column":12},"end":{"line":406,"column":58}},{"start":{"line":407,"column":12},"end":{"line":407,"column":58}},{"start":{"line":408,"column":12},"end":{"line":408,"column":58}},{"start":{"line":409,"column":12},"end":{"line":409,"column":58}}]},"40":{"loc":{"start":{"line":425,"column":8},"end":{"line":435,"column":null}},"type":"if","locations":[{"start":{"line":425,"column":8},"end":{"line":435,"column":null}},{"start":{"line":425,"column":8},"end":{"line":435,"column":null}}]},"41":{"loc":{"start":{"line":425,"column":12},"end":{"line":425,"column":23}},"type":"binary-expr","locations":[{"start":{"line":425,"column":12},"end":{"line":425,"column":23}},{"start":{"line":425,"column":27},"end":{"line":425,"column":64}}]},"42":{"loc":{"start":{"line":427,"column":12},"end":{"line":429,"column":null}},"type":"if","locations":[{"start":{"line":427,"column":12},"end":{"line":429,"column":null}},{"start":{"line":427,"column":12},"end":{"line":429,"column":null}}]},"43":{"loc":{"start":{"line":427,"column":16},"end":{"line":427,"column":21}},"type":"binary-expr","locations":[{"start":{"line":427,"column":16},"end":{"line":427,"column":21}},{"start":{"line":427,"column":25},"end":{"line":427,"column":31}}]},"44":{"loc":{"start":{"line":428,"column":54},"end":{"line":428,"column":61}},"type":"cond-expr","locations":[{"start":{"line":428,"column":54},"end":{"line":428,"column":61}},{"start":{"line":428,"column":64},"end":{"line":428,"column":72}}]}},"s":{"0":1,"1":1,"2":0,"3":1,"4":1,"5":1,"6":4,"7":4,"8":4,"9":4,"10":4,"11":4,"12":4,"13":4,"14":4,"15":2,"16":2,"17":2,"18":1,"19":2,"20":2,"21":2,"22":2,"23":2,"24":2,"25":2,"26":2,"27":2,"28":2,"29":2,"30":2,"31":2,"32":2,"33":2,"34":2,"35":2,"36":2,"37":2,"38":1,"39":0,"40":0,"41":0,"42":0,"43":0,"44":0,"45":0,"46":0,"47":0,"48":0,"49":1,"50":0,"51":0,"52":0,"53":0,"54":0,"55":0,"56":0,"57":0,"58":0,"59":0,"60":0,"61":0,"62":0,"63":0,"64":0,"65":0,"66":0,"67":0,"68":0,"69":0,"70":0,"71":0,"72":1,"73":0,"74":0,"75":0,"76":0,"77":0,"78":0,"79":0,"80":0,"81":0,"82":0,"83":0,"84":0,"85":0,"86":0,"87":1,"88":0,"89":0,"90":0,"91":0,"92":0,"93":0,"94":0,"95":1,"96":2,"97":2,"98":2,"99":2,"100":2,"101":2,"102":2,"103":2,"104":2,"105":2,"106":1,"107":0,"108":0,"109":0,"110":0,"111":0,"112":0,"113":0,"114":0,"115":0,"116":0,"117":0,"118":0,"119":0,"120":0,"121":0,"122":0,"123":0,"124":0,"125":0,"126":0,"127":0,"128":0,"129":0,"130":1,"131":0,"132":1,"133":2,"134":2,"135":2,"136":2,"137":2,"138":2,"139":2,"140":2,"141":2,"142":2,"143":2,"144":2,"145":2,"146":2,"147":2,"148":2,"149":2,"150":2,"151":2,"152":2,"153":2,"154":2,"155":2,"156":2,"157":2,"158":2,"159":1,"160":3,"161":3,"162":3,"163":3,"164":3,"165":3,"166":3,"167":3,"168":3,"169":3,"170":3,"171":3,"172":3,"173":3,"174":3,"175":3,"176":3,"177":3,"178":3,"179":3,"180":3,"181":3,"182":3,"183":3,"184":3,"185":3,"186":1,"187":2,"188":2,"189":2,"190":2,"191":2,"192":2,"193":2,"194":2,"195":2,"196":2,"197":2,"198":2,"199":2,"200":2,"201":2,"202":2,"203":2,"204":2,"205":2,"206":2,"207":2,"208":2,"209":1,"210":6,"211":6,"212":6,"213":6,"214":6,"215":6,"216":6,"217":6,"218":6,"219":6,"220":6,"221":6,"222":6,"223":6,"224":6,"225":6,"226":6,"227":6,"228":6,"229":6,"230":6,"231":6,"232":1,"233":0,"234":0,"235":0,"236":0,"237":0,"238":0,"239":0,"240":0,"241":0,"242":0,"243":0,"244":0,"245":1,"246":0,"247":0,"248":0,"249":0,"250":0,"251":0,"252":0,"253":0,"254":0,"255":0,"256":1,"257":0,"258":0,"259":0,"260":0,"261":0,"262":0,"263":0,"264":0,"265":0,"266":0,"267":1,"268":0,"269":0,"270":0,"271":0,"272":0,"273":0,"274":0,"275":0,"276":0,"277":0,"278":0,"279":1,"280":0,"281":0,"282":0,"283":0,"284":0,"285":0,"286":0,"287":0,"288":0,"289":0,"290":0,"291":1,"292":0,"293":0,"294":0,"295":0,"296":0,"297":0,"298":0,"299":0,"300":0,"301":0,"302":0,"303":0,"304":0,"305":0,"306":0,"307":0,"308":0,"309":0,"310":0,"311":0,"312":0,"313":0,"314":0,"315":0,"316":0,"317":0,"318":0,"319":0,"320":0,"321":0,"322":0,"323":0,"324":0,"325":0,"326":0,"327":0,"328":0,"329":0,"330":0,"331":1,"332":0,"333":0,"334":0,"335":0,"336":0,"337":0,"338":0,"339":0,"340":0,"341":0,"342":1,"343":2,"344":1,"345":1,"346":1,"347":1,"348":1,"349":1,"350":1,"351":1,"352":1,"353":1,"354":1,"355":0,"356":1,"357":0,"358":0,"359":0,"360":1,"361":1,"362":1,"363":1,"364":1,"365":1,"366":2,"367":2,"368":2,"369":2,"370":2,"371":2,"372":2,"373":2,"374":1,"375":1,"376":1,"377":1,"378":1,"379":1,"380":1,"381":1,"382":1,"383":1,"384":1,"385":1,"386":1,"387":1,"388":1,"389":1,"390":1},"f":{"0":0,"1":1,"2":2,"3":2,"4":0,"5":0,"6":0,"7":0,"8":0,"9":2,"10":0,"11":0,"12":2,"13":3,"14":2,"15":6,"16":0,"17":0,"18":0,"19":0,"20":0,"21":0,"22":0,"23":2,"24":1,"25":2},"b":{"0":[2,0],"1":[2,0],"2":[2,0],"3":[2,0],"4":[2,0],"5":[2,0],"6":[2,0],"7":[2,0],"8":[2,0],"9":[0,2],"10":[0,2],"11":[0,2],"12":[0,2],"13":[0,2],"14":[0,2],"15":[0,2],"16":[0,2],"17":[0,2],"18":[0,0],"19":[0,0],"20":[0,0],"21":[0,0],"22":[0,0],"23":[0,0],"24":[0,0],"25":[0,0],"26":[0,0],"27":[0,0],"28":[0,0],"29":[0,0],"30":[0,0],"31":[2,2],"32":[3,3],"33":[2,2],"34":[6,6],"35":[0,0],"36":[0,0],"37":[0,0],"38":[0,0],"39":[2,2,2,2,2,2,2,2,2],"40":[1,0],"41":[1,0],"42":[0,1],"43":[1,0],"44":[0,0]}}
}
