TN:
SF:C:\Users\Elgine\Desktop\react-transform-tool\src\const.ts
FNF:0
FNH:0
DA:1,1
DA:2,1
LF:2
LH:2
BRF:0
BRH:0
end_of_record
TN:
SF:C:\Users\Elgine\Desktop\react-transform-tool\src\maths\distance.ts
FN:2,(anonymous_0)
FN:6,(anonymous_1)
FNF:2
FNH:2
FNDA:1,(anonymous_0)
FNDA:1,(anonymous_1)
DA:2,1
DA:3,1
DA:6,1
DA:7,1
LF:4
LH:4
BRF:0
BRH:0
end_of_record
TN:
SF:C:\Users\Elgine\Desktop\react-transform-tool\src\maths\matrix.ts
FN:8,(anonymous_6)
FN:19,(anonymous_7)
FN:38,(anonymous_9)
FN:48,(anonymous_10)
FN:65,(anonymous_11)
FN:78,(anonymous_12)
FN:80,(anonymous_13)
FN:112,(anonymous_14)
FN:129,(anonymous_15)
FN:139,(anonymous_16)
FN:152,(anonymous_17)
FN:182,(anonymous_18)
FN:188,(anonymous_19)
FN:213,(anonymous_20)
FN:238,(anonymous_21)
FN:260,(anonymous_22)
FN:282,(anonymous_23)
FN:297,(anonymous_24)
FN:310,(anonymous_25)
FN:323,(anonymous_26)
FN:337,(anonymous_27)
FN:351,(anonymous_28)
FN:387,(anonymous_29)
FN:400,(anonymous_30)
FN:417,(anonymous_31)
FN:448,(anonymous_32)
FNF:26
FNH:11
FNDA:0,(anonymous_6)
FNDA:1,(anonymous_7)
FNDA:2,(anonymous_9)
FNDA:2,(anonymous_10)
FNDA:0,(anonymous_11)
FNDA:0,(anonymous_12)
FNDA:0,(anonymous_13)
FNDA:0,(anonymous_14)
FNDA:0,(anonymous_15)
FNDA:2,(anonymous_16)
FNDA:0,(anonymous_17)
FNDA:0,(anonymous_18)
FNDA:2,(anonymous_19)
FNDA:3,(anonymous_20)
FNDA:2,(anonymous_21)
FNDA:6,(anonymous_22)
FNDA:0,(anonymous_23)
FNDA:0,(anonymous_24)
FNDA:0,(anonymous_25)
FNDA:0,(anonymous_26)
FNDA:0,(anonymous_27)
FNDA:0,(anonymous_28)
FNDA:0,(anonymous_29)
FNDA:2,(anonymous_30)
FNDA:1,(anonymous_31)
FNDA:2,(anonymous_32)
DA:6,1
DA:8,1
DA:9,0
DA:19,1
DA:21,1
DA:22,1
DA:23,1
DA:24,1
DA:25,1
DA:26,1
DA:28,1
DA:29,1
DA:30,1
DA:31,1
DA:32,1
DA:33,1
DA:34,1
DA:35,1
DA:36,1
DA:38,1
DA:39,4
DA:40,4
DA:41,4
DA:43,2
DA:44,2
DA:45,2
DA:48,1
DA:49,2
DA:50,2
DA:51,2
DA:53,2
DA:54,2
DA:55,2
DA:56,2
DA:57,2
DA:58,2
DA:59,2
DA:60,2
DA:61,2
DA:62,2
DA:65,1
DA:66,0
DA:67,0
DA:68,0
DA:69,0
DA:70,0
DA:71,0
DA:72,0
DA:73,0
DA:74,0
DA:75,0
DA:78,1
DA:79,0
DA:80,0
DA:82,0
DA:83,0
DA:84,0
DA:85,0
DA:86,0
DA:87,0
DA:90,0
DA:91,0
DA:92,0
DA:93,0
DA:94,0
DA:95,0
DA:98,0
DA:99,0
DA:100,0
DA:101,0
DA:102,0
DA:103,0
DA:106,0
DA:107,0
DA:112,1
DA:113,0
DA:114,0
DA:115,0
DA:116,0
DA:117,0
DA:118,0
DA:119,0
DA:120,0
DA:121,0
DA:122,0
DA:123,0
DA:124,0
DA:125,0
DA:126,0
DA:129,1
DA:130,0
DA:131,0
DA:132,0
DA:133,0
DA:134,0
DA:135,0
DA:136,0
DA:139,1
DA:140,2
DA:141,2
DA:142,2
DA:143,2
DA:144,2
DA:145,2
DA:146,2
DA:147,2
DA:148,2
DA:149,2
DA:152,1
DA:153,0
DA:154,0
DA:155,0
DA:156,0
DA:158,0
DA:159,0
DA:160,0
DA:162,0
DA:163,0
DA:164,0
DA:166,0
DA:167,0
DA:168,0
DA:169,0
DA:170,0
DA:171,0
DA:172,0
DA:173,0
DA:174,0
DA:175,0
DA:176,0
DA:177,0
DA:179,0
DA:182,1
DA:183,0
DA:188,1
DA:189,2
DA:190,2
DA:191,2
DA:192,2
DA:193,2
DA:194,2
DA:195,2
DA:196,2
DA:197,2
DA:198,2
DA:199,2
DA:200,2
DA:201,2
DA:203,2
DA:204,2
DA:205,2
DA:207,2
DA:208,2
DA:209,2
DA:210,2
DA:213,1
DA:214,3
DA:215,3
DA:216,3
DA:217,3
DA:218,3
DA:219,3
DA:220,3
DA:221,3
DA:222,3
DA:223,3
DA:224,3
DA:225,3
DA:226,3
DA:228,3
DA:229,3
DA:230,3
DA:232,3
DA:233,3
DA:234,3
DA:235,3
DA:238,1
DA:239,2
DA:240,2
DA:241,2
DA:242,2
DA:243,2
DA:244,2
DA:246,2
DA:247,2
DA:248,2
DA:250,2
DA:251,2
DA:252,2
DA:254,2
DA:255,2
DA:256,2
DA:257,2
DA:260,1
DA:261,6
DA:262,6
DA:263,6
DA:264,6
DA:265,6
DA:266,6
DA:268,6
DA:269,6
DA:270,6
DA:272,6
DA:273,6
DA:274,6
DA:276,6
DA:277,6
DA:278,6
DA:279,6
DA:282,1
DA:283,0
DA:284,0
DA:285,0
DA:286,0
DA:287,0
DA:288,0
DA:289,0
DA:290,0
DA:291,0
DA:292,0
DA:293,0
DA:294,0
DA:297,1
DA:298,0
DA:299,0
DA:300,0
DA:301,0
DA:302,0
DA:303,0
DA:304,0
DA:305,0
DA:306,0
DA:307,0
DA:310,1
DA:311,0
DA:312,0
DA:313,0
DA:314,0
DA:315,0
DA:316,0
DA:317,0
DA:318,0
DA:319,0
DA:320,0
DA:323,1
DA:324,0
DA:325,0
DA:326,0
DA:327,0
DA:328,0
DA:329,0
DA:330,0
DA:331,0
DA:332,0
DA:333,0
DA:334,0
DA:337,1
DA:338,0
DA:339,0
DA:340,0
DA:341,0
DA:342,0
DA:343,0
DA:344,0
DA:345,0
DA:346,0
DA:347,0
DA:348,0
DA:351,1
DA:352,0
DA:353,0
DA:354,0
DA:355,0
DA:356,0
DA:357,0
DA:358,0
DA:359,0
DA:360,0
DA:361,0
DA:362,0
DA:364,0
DA:365,0
DA:366,0
DA:367,0
DA:368,0
DA:369,0
DA:370,0
DA:372,0
DA:373,0
DA:374,0
DA:376,0
DA:377,0
DA:378,0
DA:380,0
DA:381,0
DA:382,0
DA:384,0
DA:387,1
DA:388,0
DA:389,0
DA:390,0
DA:391,0
DA:392,0
DA:393,0
DA:394,0
DA:395,0
DA:396,0
DA:397,0
DA:400,1
DA:401,2
DA:417,1
DA:418,1
DA:419,1
DA:420,1
DA:421,1
DA:422,1
DA:423,1
DA:424,1
DA:425,1
DA:426,1
DA:427,1
DA:428,0
DA:430,1
DA:432,0
DA:433,0
DA:434,0
DA:436,1
DA:437,1
DA:438,1
DA:439,1
DA:440,1
DA:448,1
DA:449,2
DA:450,2
DA:451,2
DA:452,2
DA:453,2
DA:454,2
DA:455,2
DA:456,2
DA:458,1
LF:342
LH:168
BRDA:39,0,0,2
BRDA:39,0,1,0
BRDA:39,1,0,2
BRDA:39,1,1,0
BRDA:39,2,0,2
BRDA:39,2,1,0
BRDA:40,3,0,2
BRDA:40,3,1,0
BRDA:40,4,0,2
BRDA:40,4,1,0
BRDA:40,5,0,2
BRDA:40,5,1,0
BRDA:41,6,0,2
BRDA:41,6,1,0
BRDA:41,7,0,2
BRDA:41,7,1,0
BRDA:41,8,0,2
BRDA:41,8,1,0
BRDA:49,9,0,0
BRDA:49,9,1,2
BRDA:49,10,0,0
BRDA:49,10,1,2
BRDA:49,11,0,0
BRDA:49,11,1,2
BRDA:50,12,0,0
BRDA:50,12,1,2
BRDA:50,13,0,0
BRDA:50,13,1,2
BRDA:50,14,0,0
BRDA:50,14,1,2
BRDA:51,15,0,0
BRDA:51,15,1,2
BRDA:51,16,0,0
BRDA:51,16,1,2
BRDA:51,17,0,0
BRDA:51,17,1,2
BRDA:82,18,0,0
BRDA:82,18,1,0
BRDA:84,19,0,0
BRDA:84,19,1,0
BRDA:86,20,0,0
BRDA:86,20,1,0
BRDA:90,21,0,0
BRDA:90,21,1,0
BRDA:92,22,0,0
BRDA:92,22,1,0
BRDA:94,23,0,0
BRDA:94,23,1,0
BRDA:98,24,0,0
BRDA:98,24,1,0
BRDA:100,25,0,0
BRDA:100,25,1,0
BRDA:102,26,0,0
BRDA:102,26,1,0
BRDA:106,27,0,0
BRDA:106,27,1,0
BRDA:119,28,0,0
BRDA:119,28,1,0
BRDA:153,29,0,0
BRDA:153,29,1,0
BRDA:155,30,0,0
BRDA:155,30,1,0
BRDA:189,31,0,2
BRDA:189,31,1,2
BRDA:214,32,0,3
BRDA:214,32,1,3
BRDA:239,33,0,2
BRDA:239,33,1,2
BRDA:261,34,0,6
BRDA:261,34,1,6
BRDA:324,35,0,0
BRDA:324,35,1,0
BRDA:338,36,0,0
BRDA:338,36,1,0
BRDA:352,37,0,0
BRDA:352,37,1,0
BRDA:353,38,0,0
BRDA:353,38,1,0
BRDA:401,39,0,2
BRDA:401,39,1,2
BRDA:401,39,2,2
BRDA:401,39,3,2
BRDA:401,39,4,2
BRDA:401,39,5,2
BRDA:401,39,6,2
BRDA:401,39,7,2
BRDA:401,39,8,2
BRDA:425,40,0,1
BRDA:425,40,1,0
BRDA:425,41,0,1
BRDA:425,41,1,0
BRDA:427,42,0,0
BRDA:427,42,1,1
BRDA:427,43,0,1
BRDA:427,43,1,0
BRDA:428,44,0,0
BRDA:428,44,1,0
BRF:97
BRH:39
end_of_record
